[0m[[0m[0mdebug[0m] [0m[0m> Exec(__runWatch console0, Some(81151940-4054-4954-a20b-387c00eff596), Some(CommandSource(console0)))[0m
[0m[[0m[0mdebug[0m] [0m[0m> Exec(sbtStashOnFailure, None, Some(CommandSource(console0)))[0m
[0m[[0m[0mdebug[0m] [0m[0m> Exec(__preWatch console0, None, Some(CommandSource(console0)))[0m
[0m[[0m[0mdebug[0m] [0m[0m> Exec(run, None, Some(CommandSource(console0)))[0m
[0m[[0m[0mdebug[0m] [0m[0mEvaluating tasks: Compile / run[0m
[0m[[0m[0mdebug[0m] [0m[0mRunning task... Cancel: Signal, check cycles: false, forcegc: true[0m
[0m[[0m[0mdebug[0m] [0m[0mjsonRpcNotify: JsonRpcNotificationMessage(2.0, build/taskStart, {"taskId":{"id":"88","parents":[]},"eventTime":1636336986132,"message":"Compiling root","dataKind":"compile-task","data":{"target":{"uri":"file:/C:/Users/Ben%20Bistline/Code/TheScalabot/#root/Compile"}}})[0m
[0m[[0m[0minfo[0m] [0m[0mcompiling 1 Scala source to C:\Users\Ben Bistline\Code\TheScalabot\target\scala-3.1.0\classes ...[0m
[0m[[0m[0mdebug[0m] [0m[0mjsonRpcNotify: JsonRpcNotificationMessage(2.0, build/logMessage, {"type":3,"message":"compiling 1 Scala source to C:\\Users\\Ben Bistline\\Code\\TheScalabot\\target\\scala-3.1.0\\classes ..."})[0m
[0m[[0m[0mdebug[0m] [0m[0mjsonRpcNotify: JsonRpcNotificationMessage(2.0, build/publishDiagnostics, {"textDocument":{"uri":"file:///C:/Users/Ben%20Bistline/Code/TheScalabot/src/main/scala/Main.scala"},"buildTarget":{"uri":"file:/C:/Users/Ben%20Bistline/Code/TheScalabot/#root/Compile"},"diagnostics":[],"reset":true})[0m
[0m[[0m[0mdebug[0m] [0m[0mjsonRpcNotify: JsonRpcNotificationMessage(2.0, build/taskFinish, {"taskId":{"id":"88","parents":[]},"eventTime":1636336986308,"message":"Compiled root","status":1,"dataKind":"compile-report","data":{"target":{"uri":"file:/C:/Users/Ben%20Bistline/Code/TheScalabot/#root/Compile"},"errors":0,"warnings":0,"time":176}})[0m
[0m[[0m[0mdebug[0m] [0m[0mjsonRpcNotify: JsonRpcNotificationMessage(2.0, build/logMessage, {"type":3,"message":"running hello "})[0m
[0m[[0m[0mdebug[0m] [0m[0mjsonRpcNotify: JsonRpcNotificationMessage(2.0, build/logMessage, {"type":4,"message":"Waiting for threads to exit or System.exit to be called."})[0m
[0m[[0m[0mdebug[0m] [0m[0mjsonRpcNotify: JsonRpcNotificationMessage(2.0, build/logMessage, {"type":4,"message":"Waiting for thread run-main-49 to terminate."})[0m
[0m[[0m[0mdebug[0m] [0m[0mjsonRpcNotify: JsonRpcNotificationMessage(2.0, build/logMessage, {"type":4,"message":"  Classpath:\n\tC:\\Users\\Ben Bistline\\Code\\TheScalaBot\\target\\bg-jobs\\sbt_a88136c1\\job-74\\target\\cd441b7d\\aa005e59\\scalabot_3-0.1.0-SNAPSHOT.jar\n\tC:\\Users\\Ben Bistline\\Code\\TheScalaBot\\target\\bg-jobs\\sbt_a88136c1\\target\\e94af608\\f6edefd9\\scala3-library_3-3.1.0.jar\n\tC:\\Users\\Ben Bistline\\Code\\TheScalaBot\\target\\bg-jobs\\sbt_a88136c1\\target\\389722d6\\184a7a50\\scala-library-2.13.6.jar"})[0m
[0m[[0m[0mdebug[0m] [0m[0mjsonRpcNotify: JsonRpcNotificationMessage(2.0, build/logMessage, {"type":4,"message":"\tThread run-main-49 exited."})[0m
[0m[[0m[0mdebug[0m] [0m[0mjsonRpcNotify: JsonRpcNotificationMessage(2.0, build/logMessage, {"type":4,"message":"Interrupting remaining threads (should be all daemons)."})[0m
[0m[[0m[0mdebug[0m] [0m[0mjsonRpcNotify: JsonRpcNotificationMessage(2.0, build/logMessage, {"type":4,"message":"Sandboxed run complete.."})[0m
[0m[[0m[0mdebug[0m] [0m[0mjsonRpcNotify: JsonRpcNotificationMessage(2.0, build/logMessage, {"type":4,"message":"Exited with code 0"})[0m
[0m[[0m[32msuccess[0m] [0m[0mTotal time: 0 s, completed Nov 7, 2021, 9:03:06 PM[0m
[0m[[0m[0mdebug[0m] [0m[0m> Exec(resumeFromFailure, None, Some(CommandSource(console0)))[0m
[0m[[0m[0mdebug[0m] [0m[0m> Exec(sbtPopOnFailure, None, Some(CommandSource(console0)))[0m
[0m[[0m[0mdebug[0m] [0m[0m> Exec(__postWatch console0, None, Some(CommandSource(console0)))[0m
[0m[[0m[0mdebug[0m] [0m[0m> Exec(resumeFromFailure, None, None)[0m
[0m[[0m[0mdebug[0m] [0m[0m> Exec(__waitWatch console0, None, None)[0m
